
******** <class '__main__.BaderSurf'> flags ********
* General Info
Date Sun Jan 13 00:19:30 2019
Python 2.7.14 (default, Apr 10 2018, 19:21:27) 
[GCC 7.3.0]
Numpy 1.15.4
Number of threads 4
Verbose level 4
Scratch dir .
Input chkfile data file h2o.wfn.h5
Max_memory 4000 MB
Correlated ? False
* Molecular Info
Num atoms 3
Atom Coordinates (Bohr)
Nuclei 0 with charge 8 position : 0.000000  0.000000  0.222261
Nuclei 1 with charge 1 position : 1.438435  0.000000  -0.889042
Nuclei 2 with charge 1 position : -1.438435  0.000000  -0.889042
* Basis Info
Number of Orbitals 5
Number of primitives 273
Orbital EPS occ criterion 1.000000e-06
Number of occupied molecular orbitals 5
* Surface Info
Lebedev quadrature
Npang points 5810
Surface for nuc 1
Rmaxsurface 10.000000
Ntrial 11
Rprimer 0.400000
Epsiscp 0.220000
Epsroot 0.000010
ODE solver rkck
ODE tool 0.000010
Max steps in ODE solver 140

Good rho position -0.000000 0.000000 0.222250
Check rho position 1.428583 0.000000 -0.881976
Setting xyrho for atom to imput coords
Check rho position -1.428583 0.000000 -0.881976
Setting xyrho for atom to imput coords
Time finding nucleus 3.243 (sec)
Time finding surface 47.134 (sec)
Rmin for surface 1.433001
Rmax for surface 10.000000
Finish with surface
Write HDF5 surface file
Surface of atom 0 saved
    CPU time for BaderSurf build    191.87 sec

