#INFO: **** input file is /home/jluis/tmp/pypmd/h2o.py ****
#!/usr/bin/env python

import numpy, time, os, sys
from pyscf import gto, scf, lib, dft, ao2mo
from pyscf.tools import wfn_format

name = 'h2o'

mol = gto.Mole()
mol.atom = '''
O      0.000000      0.000000      0.118351
H      0.000000      0.761187     -0.469725
H      0.000000     -0.761187     -0.469725
'''
dirnow = os.path.realpath(os.path.join(__file__, '..'))
basfile = os.path.join(dirnow, 'sqzp.dat')
mol.basis = basfile
mol.verbose = 4
mol.spin = 0
mol.symmetry = 1
mol.charge = 0
mol.build()

mf = dft.RKS(mol)
mf.chkfile = name+'.chk'
mf.max_cycle = 150
mf.xc = 'rpw86,pbe'
mf.kernel()

wfn_file = name + '.wfn'
with open(wfn_file, 'w') as f2:
    wfn_format.write_mo(f2, mol, mf.mo_coeff[:,mf.mo_occ>0], \
    mo_occ=mf.mo_occ[mf.mo_occ>0], mo_energy=mf.mo_energy[mf.mo_occ>0])

dm = mf.make_rdm1()
nao = mol.nao_nr()

coords = mf.grids.coords
weights = mf.grids.weights
ngrids = len(weights)
ao = dft.numint.eval_ao(mol, coords, deriv=1)
rho = dft.numint.eval_rho(mol, ao, dm, xctype='GGA')
lib.logger.info(mf,'Rho = %.12f' % numpy.einsum('i,i->', rho[0], weights))
ex, vx = dft.libxc.eval_xc('rPW86,', rho)[:2]
ec, vc = dft.libxc.eval_xc(',PBE', rho)[:2]
ex = numpy.einsum('i,i,i->', ex, rho[0], weights)
ec = numpy.einsum('i,i,i->', ec, rho[0], weights)

gnorm2 = numpy.zeros(ngrids)
for i in range(ngrids):
    gnorm2[i] = numpy.linalg.norm(rho[-3:,i])**2
coef_C = 0.0093
coef_B = 5.9
coef_beta = 1.0/32.0 * (3.0/(coef_B**2.0))**(3.0/4.0)
kappa_pref = coef_B * (1.5*numpy.pi)/((9.0*numpy.pi)**(1.0/6.0))
const = 4.0/3.0 * numpy.pi
vv10_e = 0.0
t = time.time()
for idx1 in range(ngrids):
    point1 = coords[idx1,:]
    rho1 = rho[0,idx1]
    weigth1 = weights[idx1]
    gamma1 = gnorm2[idx1]
    Wp1 = const*rho1
    Wg1 = coef_C * ((gamma1/(rho1*rho1))**2.0)
    W01 = numpy.sqrt(Wg1 + Wp1)
    kappa1 = rho1**(1.0/6.0)*kappa_pref
    #
    R =  (point1[0]-coords[:,0])**2
    R += (point1[1]-coords[:,1])**2
    R += (point1[2]-coords[:,2])**2
    Wp2 = const*rho[0]
    Wg2 = coef_C * ((gnorm2/(rho[0]*rho[0]))**2.0)
    W02 = numpy.sqrt(Wg2 + Wp2)
    kappa2 = rho[0]**(1.0/6.0)*kappa_pref
    g = W01*R + kappa1
    gp = W02*R + kappa2
    kernel12 = -1.5*weights*rho[0]/(g*gp*(g+gp))
    # Energy 
    kernel = kernel12.sum()
    vv10_e += weigth1*rho1*(coef_beta + 0.5*kernel)
lib.logger.info(mf,'VV10 = %.12f' % vv10_e)
lib.logger.info(mf,'Total time taken VV10: %.3f seconds' % (time.time()-t))

s = mol.intor('int1e_ovlp')
t = mol.intor('int1e_kin')
v = mol.intor('int1e_nuc')
eri_ao = ao2mo.restore(1,mf._eri,nao)
eri_ao = eri_ao.reshape(nao,nao,nao,nao)

enuc = mol.energy_nuc() 
ekin = numpy.einsum('ij,ji->',t,dm)
pop = numpy.einsum('ij,ji->',s,dm)
elnuce = numpy.einsum('ij,ji->',v,dm)
lib.logger.info(mf,'Population : %12.6f' % pop)
lib.logger.info(mf,'Kinetic energy : %12.6f' % ekin)
lib.logger.info(mf,'Nuclear Atraction energy : %12.6f' % elnuce)
lib.logger.info(mf,'Nuclear Repulsion energy : %12.6f' % enuc)
bie1 = numpy.einsum('ijkl,ij,kl->',eri_ao,dm,dm)*0.5 # J
bie2 = numpy.einsum('ijkl,il,jk->',eri_ao,dm,dm)*0.25 # XC
pairs1 = numpy.einsum('ij,kl,ij,kl->',dm,dm,s,s) # J
pairs2 = numpy.einsum('ij,kl,li,kj->',dm,dm,s,s)*0.5 # XC
pairs = (pairs1 - pairs2)
lib.logger.info(mf,'Coulomb Pairs : %12.6f' % (pairs1))
lib.logger.info(mf,'XC Pairs : %12.6f' % (pairs2))
lib.logger.info(mf,'Pairs : %12.6f' % pairs)
lib.logger.info(mf,'J energy : %12.6f' % bie1)
lib.logger.info(mf,'XC energy : %12.6f' % -bie2)
lib.logger.info(mf,'EE energy : %12.6f' % (bie1-bie2))
etot = enuc + ekin + elnuce + bie1 - bie2
lib.logger.info(mf,'HF Total energy : %12.6f' % etot)
lib.logger.info(mf,'Ex : %12.6f' % ex)
lib.logger.info(mf,'Ec : %12.6f' % ec)
lib.logger.info(mf,'Exc : %12.6f' % (ex+ec))
etot = enuc + ekin + elnuce + bie1 + ex + ec
lib.logger.info(mf,'DFT Total energy : %12.6f' % etot)

#INFO: ******************** input file end ********************


System: ('Linux', 'cromo', '4.9.0-0.bpo.3-amd64', '#1 SMP Debian 4.9.30-2+deb9u5~bpo8+1 (2017-09-28)', 'x86_64', '')  Threads 4
Python 2.7.14 (default, Apr 10 2018, 19:21:27) 
[GCC 7.3.0]
numpy 1.15.4  scipy 1.2.0
Date: Sat Jan  5 16:36:08 2019
PySCF version 1.6
PySCF path  /home/jluis/src/pyscf/dev/pyscf
GIT ORIG_HEAD 21b86f213f74edcb007f36d31e83475226de7b3a
GIT HEAD      ref: refs/heads/dev
GIT dev branch  b2420273effddedd05459f6520b493977f9258d7

[ENV] PYSCF_MAX_MEMORY 32000
[ENV] PYSCF_TMPDIR /scratch-ssd/jluis
[CONFIG] conf_file None
[INPUT] verbose = 4
[INPUT] num. atoms = 3
[INPUT] num. electrons = 10
[INPUT] charge = 0
[INPUT] spin (= nelec alpha-beta = 2S) = 0
[INPUT] symmetry 1 subgroup None
[INPUT] Mole.unit = angstrom
[INPUT]  1 O      0.000000000000   0.000000000000   0.117615200000 AA    0.000000000000   0.000000000000   0.222260516086 Bohr
[INPUT]  2 H      0.761187000000   0.000000000000  -0.470460800000 AA    1.438434959579   0.000000000000  -0.889042064344 Bohr
[INPUT]  3 H     -0.761187000000   0.000000000000  -0.470460800000 AA   -1.438434959579   0.000000000000  -0.889042064344 Bohr

nuclear repulsion = 9.14985900416406
point group symmetry = C2v
num. orbitals of irrep A1 = 64
num. orbitals of irrep A2 = 27
num. orbitals of irrep B1 = 50
num. orbitals of irrep B2 = 36
number of shells = 51
number of NR pGTOs = 220
number of NR cGTOs = 177
basis = /home/jluis/tmp/pypmd/sqzp.dat
ecp = {}
CPU time:         0.26


******** <class 'pyscf.dft.rks_symm.SymAdaptedRKS'> ********
method = SymAdaptedRKS-SymAdaptedRHF-RHF
initial guess = minao
damping factor = 0
level shift factor = 0
DIIS = <class 'pyscf.scf.diis.CDIIS'>
DIIS start cycle = 1
DIIS space = 8
SCF tol = 1e-09
SCF gradient tol = None
max. SCF cycles = 150
direct_scf = True
direct_scf_tol = 1e-13
chkfile to save SCF result = h2o.chk
max_memory 32000 MB (current use 74 MB)
XC functionals = rpw86,pbe
radial grids: 
    Treutler-Ahlrichs (JCP 102, 346 (M4)) radial grids
    
becke partition: Becke, JCP, 88, 2547 (1988)
pruning grids: <function nwchem_prune at 0x2b85ff935230>
grids dens level: 3
symmetrized grids: 1
atomic radii adjust function: <function treutler_atomic_radii_adjust at 0x2b85ff935140>
Freeze 0 electrons in irreps []
    10 free electrons in irreps A1 A2 B1 B2
Set gradient conv threshold to 3.16228e-05
tot grids = 34310
init E= -76.5535812573087
HOMO (B2) = -0.409995353594433  LUMO (A1) = -0.0492447712089391
cycle= 1 E= -76.4871323052336  delta_E= 0.0664  |g|= 0.839  |ddm|= 0.869
HOMO (B2) = -0.0821786881313383  LUMO (A1) = -0.0114608030863423
cycle= 2 E= -75.9054675992171  delta_E= 0.582  |g|= 1.89  |ddm|= 0.895
HOMO (B2) = -0.28500101084237  LUMO (A1) = -0.0399548847098646
cycle= 3 E= -76.6084677162539  delta_E= -0.703  |g|= 0.0337  |ddm|= 0.637
HOMO (B2) = -0.269185476820617  LUMO (A1) = -0.0351184771666159
cycle= 4 E= -76.6087005003029  delta_E= -0.000233  |g|= 0.00907  |ddm|= 0.0256
HOMO (B2) = -0.270405777144559  LUMO (A1) = -0.0360459371706231
cycle= 5 E= -76.6087119791815  delta_E= -1.15e-05  |g|= 0.00201  |ddm|= 0.00373
HOMO (B2) = -0.270751773842793  LUMO (A1) = -0.0361833637743516
cycle= 6 E= -76.6087127262898  delta_E= -7.47e-07  |g|= 0.000231  |ddm|= 0.000899
HOMO (B2) = -0.270800359943267  LUMO (A1) = -0.0362008414863218
cycle= 7 E= -76.6087127342961  delta_E= -8.01e-09  |g|= 1.46e-05  |ddm|= 6.61e-05
HOMO (B2) = -0.270801708886992  LUMO (A1) = -0.036200621272752
cycle= 8 E= -76.6087127343354  delta_E= -3.93e-11  |g|= 2.11e-06  |ddm|= 6.95e-06
HOMO (B2) = -0.270802587436507  LUMO (A1) = -0.0362007826441002
Extra cycle  E= -76.6087127343332  delta_E= 2.2e-12  |g|= 4.18e-06  |ddm|= 1.89e-06
converged SCF energy = -76.6087127343332
Rho = 10.000000184125
VV10 = 0.043496100914
Total time taken VV10: 71.099 seconds
Population :    10.000000
Kinetic energy :    76.320670
Nuclear Atraction energy :  -199.278254
Nuclear Repulsion energy :     9.149859
Coulomb Pairs :   100.000000
XC Pairs :    10.000000
Pairs :    90.000000
J energy :    46.670496
XC energy :    -8.913047
EE energy :    37.757449
HF Total energy :   -76.050277
Ex :    -9.147705
Ec :    -0.323779
Exc :    -9.471484
DFT Total energy :   -76.608713
